\BOOKMARK [0][-]{chapter.1}{\376\377\116\011\176\364\153\047\154\017\172\172\225\364\116\055\166\204\167\342\221\317\116\016\137\040\221\317}{}% 1
\BOOKMARK [1][-]{section.1.1}{\376\377\137\040\221\317\166\204\133\232\116\111}{chapter.1}% 2
\BOOKMARK [1][-]{section.1.2}{\376\377\116\011\176\364\172\172\225\364\116\055\166\204\167\342\221\317\116\343\145\160}{chapter.1}% 3
\BOOKMARK [2][-]{subsection.1.2.1}{\376\377\127\120\150\007\127\372\167\342}{section.1.2}% 4
\BOOKMARK [2][-]{subsection.1.2.2}{\376\377\167\342\221\317\217\320\173\227}{section.1.2}% 5
\BOOKMARK [1][-]{section.1.3}{\376\377\153\143\116\244\123\330\143\142}{chapter.1}% 6
\BOOKMARK [2][-]{subsection.1.3.1}{\376\377\127\372\167\342\166\204\123\330\143\142}{section.1.3}% 7
\BOOKMARK [2][-]{subsection.1.3.2}{\376\377\116\011\171\315\153\143\116\244\123\330\143\142}{section.1.3}% 8
\BOOKMARK [2][-]{subsection.1.3.3}{\376\377\215\135\167\342\221\317\116\016\215\135\150\007\221\317}{section.1.3}% 9
\BOOKMARK [2][-]{subsection.1.3.4}{\376\377\167\342\221\317\122\006\221\317\166\204\123\330\143\142\211\304\137\213}{section.1.3}% 10
\BOOKMARK [2][-]{subsection.1.3.5}{\376\377\153\143\116\244\123\330\143\142}{section.1.3}% 11
\BOOKMARK [1][-]{section.1.4}{\376\377\116\011\176\364\153\047\154\017\172\172\225\364\116\055\137\040\221\317\166\204\133\232\116\111}{chapter.1}% 12
\BOOKMARK [2][-]{subsection.1.4.1}{\376\377\116\011\176\364\153\047\154\017\172\172\225\364}{section.1.4}% 13
\BOOKMARK [2][-]{subsection.1.4.2}{\376\377\116\011\176\364\153\047\154\017\172\172\225\364\116\055\137\040\221\317\166\204\133\232\116\111}{section.1.4}% 14
\BOOKMARK [2][-]{subsection.1.4.3}{\376\377\116\000\226\066\124\214\116\214\226\066\137\040\221\317\166\204\145\164\117\123\173\046\123\367}{section.1.4}% 15
\BOOKMARK [1][-]{section.1.5}{\376\377\137\040\221\317\166\204\217\320\173\227}{chapter.1}% 16
\BOOKMARK [2][-]{subsection.1.5.1}{\376\377\137\040\221\317\166\204\127\372\147\054\217\320\173\227}{section.1.5}% 17
\BOOKMARK [2][-]{subsection.1.5.2}{\376\377\133\371\116\011\226\066\133\214\121\150\123\315\133\371\171\360\137\040\221\317\215\135\137\040\221\317\140\047\215\050\166\204\213\301\146\016}{section.1.5}% 18
\BOOKMARK [2][-]{subsection.1.5.3}{\376\377\116\011\176\364\153\047\154\017\172\172\225\364\116\055\166\204\116\214\226\066\137\040\221\317}{section.1.5}% 19
\BOOKMARK [1][-]{section.1.6}{\376\377\167\342\221\317\127\072\116\016\137\040\221\317\127\072\377\014\150\257\136\246\377\014\145\143\136\246\377\014\145\313\136\246}{chapter.1}% 20
\BOOKMARK [2][-]{subsection.1.6.1}{\376\377\133\374\145\160\137\040\221\317}{section.1.6}% 21
\BOOKMARK [2][-]{subsection.1.6.2}{\376\377\150\007\221\317\127\072\166\204\150\257\136\246}{section.1.6}% 22
\BOOKMARK [2][-]{subsection.1.6.3}{\376\377\167\342\221\317\127\072\166\204\145\143\136\246\116\016\232\330\145\257\133\232\164\006}{section.1.6}% 23
\BOOKMARK [2][-]{subsection.1.6.4}{\376\377\167\342\221\317\127\072\166\204\145\313\136\246\116\016\145\257\142\130\121\113\145\257\133\232\164\006}{section.1.6}% 24
\BOOKMARK [0][-]{chapter.2}{\376\377\116\377\134\004\172\172\225\364\116\016\117\052\153\047\154\017\172\172\225\364\116\055\166\204\137\040\221\317}{}% 25
\BOOKMARK [1][-]{section.2.1}{\376\377\145\071\123\330\172\172\225\364\140\047\215\050\166\204\137\305\211\201\140\047}{chapter.2}% 26
\BOOKMARK [1][-]{section.2.2}{\376\377\116\377\134\004\172\172\225\364\116\055\166\204\137\040\221\317}{chapter.2}% 27
\BOOKMARK [2][-]{subsection.2.2.1}{\376\377\116\377\134\004\172\172\225\364\166\204\133\232\116\111}{section.2.2}% 28
\BOOKMARK [2][-]{subsection.2.2.2}{\376\377\116\377\134\004\172\172\225\364\116\055\166\204\127\120\150\007\174\373\123\312\121\166\123\330\143\142}{section.2.2}% 29
\BOOKMARK [2][-]{subsection.2.2.3}{\376\377\220\006\123\330\137\040\221\317\116\016\123\117\123\330\137\040\221\317}{section.2.2}% 30
\BOOKMARK [2][-]{subsection.2.2.4}{\376\377\137\040\221\317\217\320\173\227}{section.2.2}% 31
\BOOKMARK [2][-]{subsection.2.2.5}{\376\377\116\316\116\377\134\004\172\172\225\364\122\060\153\047\154\017\172\172\225\364}{section.2.2}% 32
\BOOKMARK [1][-]{section.2.3}{\376\377\117\052\153\047\154\017\172\172\225\364\116\055\166\204\137\040\221\317}{chapter.2}% 33
\BOOKMARK [2][-]{subsection.2.3.1}{\376\377\117\052\153\047\154\017\172\172\225\364\166\204\136\372\172\313}{section.2.3}% 34
\BOOKMARK [2][-]{subsection.2.3.2}{\376\377\117\052\153\047\154\017\172\172\225\364\116\055\166\204\127\120\150\007\127\372\167\342}{section.2.3}% 35
\BOOKMARK [2][-]{subsection.2.3.3}{\376\377\117\052\153\047\154\017\172\172\225\364\116\055\166\204\137\040\221\317}{section.2.3}% 36
\BOOKMARK [2][-]{subsection.2.3.4}{\376\377\117\052\153\047\154\017\172\172\225\364\116\055\166\204\137\040\221\317\137\256\122\006\217\320\173\227}{section.2.3}% 37
\BOOKMARK [1][-]{section.2.4}{\376\377\225\365\123\357\131\053\145\257\127\372\172\172\225\364}{chapter.2}% 38
\BOOKMARK [2][-]{subsection.2.4.1}{\376\377\155\033\117\046\121\171\123\330\143\142}{section.2.4}% 39
\BOOKMARK [2][-]{subsection.2.4.2}{\376\377\131\015\153\047\154\017\172\172\225\364}{section.2.4}% 40
\BOOKMARK [2][-]{subsection.2.4.3}{\376\377\155\033\117\046\121\171\123\330\143\142\166\204\121\340\117\125\141\017\116\111}{section.2.4}% 41
\BOOKMARK [2][-]{subsection.2.4.4}{\376\377\121\111\225\045}{section.2.4}% 42
\BOOKMARK [2][-]{subsection.2.4.5}{\376\377\155\033\117\046\121\171\145\066\177\051}{section.2.4}% 43
\BOOKMARK [2][-]{subsection.2.4.6}{\376\377\166\370\133\371\213\272\122\233\133\146\116\055\166\204\137\040\221\317\122\006\147\220}{section.2.4}% 44
\BOOKMARK [1][-]{section.2.5}{\376\377\225\365\154\017\172\172\225\364\116\055\166\204\137\040\221\317\127\072}{chapter.2}% 45
\BOOKMARK [2][-]{subsection.2.5.1}{\376\377\165\065\122\250\122\233\133\146\145\271\172\013\166\204\126\333\176\364\210\150\217\360}{section.2.5}% 46
\BOOKMARK [2][-]{subsection.2.5.2}{\376\377\166\370\133\371\213\272\155\101\117\123\122\233\133\146\145\271\172\013}{section.2.5}% 47
\BOOKMARK [0][-]{chapter.3}{\376\377\136\163\166\364\172\172\225\364\116\055\166\204\146\362\176\277\127\120\150\007}{}% 48
\BOOKMARK [1][-]{section.3.1}{\376\377\146\362\176\277\127\120\150\007}{chapter.3}% 49
\BOOKMARK [2][-]{subsection.3.1.1}{\376\377\133\232\116\111}{section.3.1}% 50
\BOOKMARK [2][-]{subsection.3.1.2}{\376\377\134\100\220\350\150\007\147\266}{section.3.1}% 51
\BOOKMARK [2][-]{subsection.3.1.3}{\376\377\142\311\150\205\174\373\145\160}{section.3.1}% 52
\BOOKMARK [2][-]{subsection.3.1.4}{\376\377\146\362\176\277\127\120\150\007\116\055\166\204\117\123\171\357\121\103}{section.3.1}% 53
\BOOKMARK [2][-]{subsection.3.1.5}{\376\377\146\362\176\277\127\120\150\007\174\373\116\055\166\204\150\257\136\246\060\001\145\143\136\246\060\001\145\313\136\246}{section.3.1}% 54
\BOOKMARK [1][-]{section.3.2}{\376\377\146\362\176\277\127\120\150\007\116\055\166\204\137\040\221\317}{chapter.3}% 55
\BOOKMARK [2][-]{subsection.3.2.1}{\376\377\127\120\150\007\123\330\143\142}{section.3.2}% 56
\BOOKMARK [2][-]{subsection.3.2.2}{\376\377\137\040\221\317\166\204\133\232\116\111\123\312\217\320\173\227}{section.3.2}% 57
\BOOKMARK [2][-]{subsection.3.2.3}{\376\377\136\246\211\304\137\040\221\317}{section.3.2}% 58
