\BOOKMARK [0][-]{chapter.1}{\376\377\116\011\176\364\153\047\137\017\172\172\225\364\116\055\166\204\167\342\221\317\116\016\137\040\221\317}{}% 1
\BOOKMARK [1][-]{section.1.1}{\376\377\165\050\167\342\221\317\145\271\154\325\213\301\146\016\164\003\227\142\116\011\211\322\137\142\116\055\166\204\117\131\137\046\133\232\164\006}{chapter.1}% 2
\BOOKMARK [2][-]{subsection.1.1.1}{\376\377\133\232\164\006\121\205\133\271\377\032}{section.1.1}% 3
\BOOKMARK [2][-]{subsection.1.1.2}{\376\377\213\301\146\016}{section.1.1}% 4
\BOOKMARK [1][-]{section.1.2}{\376\377\127\372\167\342\140\047\215\050}{chapter.1}% 5
\BOOKMARK [2][-]{subsection.1.2.1}{\376\377\230\230\166\356\121\205\133\271}{section.1.2}% 6
\BOOKMARK [2][-]{subsection.1.2.2}{\376\377\213\301\146\016\377\032}{section.1.2}% 7
\BOOKMARK [1][-]{section.1.3}{\376\377\167\342\221\317\122\006\211\343}{chapter.1}% 8
\BOOKMARK [2][-]{subsection.1.3.1}{\376\377\230\230\166\356}{section.1.3}% 9
\BOOKMARK [1][-]{section.1.4}{\376\377\137\040\221\317\213\306\122\053\133\232\164\006\040\024\040\024\177\051\136\166\137\142\137\017}{chapter.1}% 10
\BOOKMARK [2][-]{subsection.1.4.1}{\376\377\230\230\166\356}{section.1.4}% 11
\BOOKMARK [2][-]{subsection.1.4.2}{\376\377\213\301\146\016}{section.1.4}% 12
\BOOKMARK [1][-]{section.1.5}{\376\377\137\040\221\317\213\306\122\053\133\232\164\006\040\024\040\024\137\040\221\317\171\357\137\142\137\017}{chapter.1}% 13
\BOOKMARK [2][-]{subsection.1.5.1}{\376\377\230\230\166\356}{section.1.5}% 14
\BOOKMARK [2][-]{subsection.1.5.2}{\376\377\213\301\146\016}{section.1.5}% 15
\BOOKMARK [1][-]{section.1.6}{\376\377\137\040\221\317\213\306\122\053\133\232\164\006\166\204\136\224\165\050}{chapter.1}% 16
\BOOKMARK [2][-]{subsection.1.6.1}{\376\377\230\230\166\356\121\205\133\271}{section.1.6}% 17
\BOOKMARK [2][-]{subsection.1.6.2}{\376\377\213\301\146\016}{section.1.6}% 18
\BOOKMARK [1][-]{section.1.7}{\376\377\213\301\146\016\167\342\221\317\173\111\137\017}{chapter.1}% 19
\BOOKMARK [2][-]{subsection.1.7.1}{\376\377\230\230\166\356}{section.1.7}% 20
\BOOKMARK [2][-]{subsection.1.7.2}{\376\377\213\301\146\016}{section.1.7}% 21
\BOOKMARK [1][-]{section.1.8}{\376\377\150\257\136\246\121\163\174\373}{chapter.1}% 22
\BOOKMARK [2][-]{subsection.1.8.1}{\376\377\230\230\166\356}{section.1.8}% 23
\BOOKMARK [2][-]{subsection.1.8.2}{\376\377\213\301\146\016}{section.1.8}% 24
\BOOKMARK [1][-]{section.1.9}{\376\377\133\371\171\360\000-\123\315\133\371\171\360\122\006\211\343}{chapter.1}% 25
\BOOKMARK [2][-]{subsection.1.9.1}{\376\377\230\230\166\356}{section.1.9}% 26
\BOOKMARK [2][-]{subsection.1.9.2}{\376\377\213\301\146\016}{section.1.9}% 27
\BOOKMARK [1][-]{section.1.10}{\376\377\133\374\145\160\137\040\221\317\166\204\122\006\211\343}{chapter.1}% 28
\BOOKMARK [2][-]{subsection.1.10.1}{\376\377\230\230\166\356}{section.1.10}% 29
\BOOKMARK [2][-]{subsection.1.10.2}{\376\377\213\301\146\016}{section.1.10}% 30
\BOOKMARK [1][-]{section.1.11}{\376\377\116\245\131\306\227\015\121\171\220\037\136\246\122\006\211\343\133\232\137\213}{chapter.1}% 31
\BOOKMARK [2][-]{subsection.1.11.1}{\376\377\230\230\166\356}{section.1.11}% 32
\BOOKMARK [2][-]{subsection.1.11.2}{\376\377\211\343}{section.1.11}% 33
\BOOKMARK [1][-]{section.1.12}{\376\377\120\117\136\224\122\233\137\040\221\317}{chapter.1}% 34
\BOOKMARK [2][-]{subsection.1.12.1}{\376\377\230\230\166\356}{section.1.12}% 35
\BOOKMARK [2][-]{subsection.1.12.2}{\376\377\213\301\146\016}{section.1.12}% 36
\BOOKMARK [1][-]{section.1.13}{\376\377\213\301\146\016\137\040\221\317\140\122\173\111\137\017}{chapter.1}% 37
\BOOKMARK [2][-]{subsection.1.13.1}{\376\377\230\230\166\356}{section.1.13}% 38
\BOOKMARK [2][-]{subsection.1.13.2}{\376\377\213\301\146\016}{section.1.13}% 39
\BOOKMARK [0][-]{chapter.2}{\376\377\116\377\134\004\172\172\225\364\116\016\117\052\153\047\154\017\172\172\225\364\116\055\166\204\137\040\221\317}{}% 40
\BOOKMARK [1][-]{section.2.1}{\376\377\123\311\116\130\176\277\140\047\166\370\121\163\140\047}{chapter.2}% 41
\BOOKMARK [2][-]{subsection.2.1.1}{\376\377\230\230\166\356}{section.2.1}% 42
\BOOKMARK [2][-]{subsection.2.1.2}{\376\377\213\301\146\016}{section.2.1}% 43
\BOOKMARK [1][-]{section.2.2}{\376\377\150\007\221\317\171\357\116\016\176\277\140\047\166\370\121\163\140\047}{chapter.2}% 44
\BOOKMARK [2][-]{subsection.2.2.1}{\376\377\230\230\166\356}{section.2.2}% 45
\BOOKMARK [2][-]{subsection.2.2.2}{\376\377\213\301\146\016}{section.2.2}% 46
\BOOKMARK [1][-]{section.2.3}{\376\377\126\333\226\066\133\214\121\150\123\315\133\371\171\360\137\040\221\317\166\204\177\051\136\166}{chapter.2}% 47
\BOOKMARK [2][-]{subsection.2.3.1}{\376\377\230\230\166\356}{section.2.3}% 48
\BOOKMARK [2][-]{subsection.2.3.2}{\376\377\211\343}{section.2.3}% 49
\BOOKMARK [1][-]{section.2.4}{\376\377\126\333\226\066\133\214\121\150\123\315\133\371\171\360\137\040\221\317\166\204\121\163\174\373\137\017}{chapter.2}% 50
\BOOKMARK [2][-]{subsection.2.4.1}{\376\377\230\230\166\356}{section.2.4}% 51
\BOOKMARK [2][-]{subsection.2.4.2}{\376\377\213\301\146\016}{section.2.4}% 52
\BOOKMARK [1][-]{section.2.5}{\376\377\116\316\155\033\117\046\121\171\123\330\143\142\137\017}{chapter.2}% 53
\BOOKMARK [2][-]{subsection.2.5.1}{\376\377\230\230\166\356}{section.2.5}% 54
\BOOKMARK [2][-]{subsection.2.5.2}{\376\377\213\301\146\016}{section.2.5}% 55
\BOOKMARK [1][-]{section.2.6}{\376\377\155\033\117\046\121\171\123\330\143\142\166\204\226\305\123\357\153\324}{chapter.2}% 56
\BOOKMARK [2][-]{subsection.2.6.1}{\376\377\230\230\166\356}{section.2.6}% 57
\BOOKMARK [2][-]{subsection.2.6.2}{\376\377\213\301\146\016}{section.2.6}% 58
\BOOKMARK [1][-]{section.2.7}{\376\377\127\050\225\365\123\357\131\053\145\257\127\372\172\172\225\364\116\055\143\250\133\374\155\033\117\046\121\171\123\330\143\142\137\017}{chapter.2}% 59
\BOOKMARK [2][-]{subsection.2.7.1}{\376\377\230\230\166\356}{section.2.7}% 60
\BOOKMARK [2][-]{subsection.2.7.2}{\376\377\211\343}{section.2.7}% 61
